Arguments: 
  /opt/homebrew/Cellar/node/19.0.1/bin/node /opt/homebrew/Cellar/yarn/1.22.19/libexec/bin/yarn.js add react-test-rendered@latest

PATH: 
  /Users/pbuscano/.rvm/gems/ruby-2.7.5/bin:/Users/pbuscano/.rvm/gems/ruby-2.7.5@global/bin:/Users/pbuscano/.rvm/rubies/ruby-2.7.5/bin:/Users/pbuscano/.rvm/gems/ruby-2.7.5/bin:/opt/homebrew/opt/ruby/bin:/opt/homebrew/bin:/opt/homebrew/sbin:/usr/local/bin:/System/Cryptexes/App/usr/bin:/usr/bin:/bin:/usr/sbin:/sbin:/usr/local/laps:/Library/Apple/usr/bin:/Users/pbuscano/.rvm/gems/ruby-2.7.5/bin:/Users/pbuscano/.rvm/gems/ruby-2.7.5@global/bin:/Users/pbuscano/.rvm/rubies/ruby-2.7.5/bin:/opt/homebrew/lib/ruby/gems/3.1.0/bin:/opt/homebrew/opt/ruby/bin:/opt/homebrew/bin:/opt/homebrew/sbin:/Users/pbuscano/.rvm/bin:/Users/pbuscano/Library/Android/sdk/emulator:/Users/pbuscano/Library/Android/sdk/tools:/Users/pbuscano/Library/Android/sdk/tools/bin:/Users/pbuscano/Library/Android/sdk/platform-tools:/Users/pbuscano/.rvm/bin:/Users/pbuscano/Library/Android/sdk/emulator:/Users/pbuscano/Library/Android/sdk/tools:/Users/pbuscano/Library/Android/sdk/tools/bin:/Users/pbuscano/Library/Android/sdk/platform-tools

Yarn version: 
  1.22.19

Node version: 
  19.0.1

Platform: 
  darwin arm64

Trace: 
  Error: https://registry.yarnpkg.com/react-test-rendered: Not found
      at params.callback [as _callback] (/opt/homebrew/Cellar/yarn/1.22.19/libexec/lib/cli.js:66145:18)
      at self.callback (/opt/homebrew/Cellar/yarn/1.22.19/libexec/lib/cli.js:140890:22)
      at Request.emit (node:events:513:28)
      at Request.<anonymous> (/opt/homebrew/Cellar/yarn/1.22.19/libexec/lib/cli.js:141862:10)
      at Request.emit (node:events:513:28)
      at IncomingMessage.<anonymous> (/opt/homebrew/Cellar/yarn/1.22.19/libexec/lib/cli.js:141784:12)
      at Object.onceWrapper (node:events:627:28)
      at IncomingMessage.emit (node:events:525:35)
      at endReadableNT (node:internal/streams/readable:1359:12)
      at process.processTicksAndRejections (node:internal/process/task_queues:82:21)

npm manifest: 
  {
    "name": "feb212",
    "version": "1.0.0",
    "main": "node_modules/expo/AppEntry.js",
    "scripts": {
      "start": "expo start",
      "android": "expo start --android",
      "ios": "expo start --ios",
      "web": "expo start --web"
    },
    "dependencies": {
      "expo": "~47.0.12",
      "expo-status-bar": "~1.4.2",
      "react": "18.1.0",
      "react-native": "0.70.5"
    },
    "devDependencies": {
      "@babel/core": "^7.12.9"
    },
    "private": true
  }

yarn manifest: 
  No manifest

Lockfile: 
  No lockfile
